Using pre-set license
Built from '2020.3/staging' branch; Version is '2020.3.5f1 (8095aa901b9b) revision 8426922'; Using compiler version '192528614'; Build Type 'Release'
OS: 'Windows 10 Home; OS build 19042.985; Version 2009; 64bit' Language: 'en' Physical Memory: 16329 MB
BatchMode: 1, IsHumanControllingUs: 0, StartBugReporterOnCrash: 0, Is64bit: 1, IsPro: 0

 COMMAND LINE ARGUMENTS:
C:\Program Files\Unity\Hub\Editor\2020.3.5f1\Editor\Unity.exe
-adb2
-batchMode
-noUpm
-name
AssetImportWorker0
-projectPath
C:/Users/appde/Desktop/Senior 2021/Senior-VR-Gallery
-logFile
Logs/AssetImportWorker0.log
-srvPort
63778
Successfully changed project path to: C:/Users/appde/Desktop/Senior 2021/Senior-VR-Gallery
C:/Users/appde/Desktop/Senior 2021/Senior-VR-Gallery
Using Asset Import Pipeline V2.
Refreshing native plugins compatible for Editor in 89.60 ms, found 4 plugins.
Preloading 1 native plugins for Editor in 1.50 ms.
Initialize engine version: 2020.3.5f1 (8095aa901b9b)
[Subsystems] Discovering subsystems at path C:/Program Files/Unity/Hub/Editor/2020.3.5f1/Editor/Data/Resources/UnitySubsystems
[Subsystems] Discovering subsystems at path C:/Users/appde/Desktop/Senior 2021/Senior-VR-Gallery/Assets
GfxDevice: creating device client; threaded=0
Direct3D:
    Version:  Direct3D 11.0 [level 11.1]
    Renderer: NVIDIA GeForce GTX 1060 3GB (ID=0x1c02)
    Vendor:   
    VRAM:     2988 MB
    Driver:   26.21.14.3630
Shader 'Oculus/OVRMRCameraFrameLit': fallback shader 'Alpha-Diffuse' not found
Initialize mono
Mono path[0] = 'C:/Program Files/Unity/Hub/Editor/2020.3.5f1/Editor/Data/Managed'
Mono path[1] = 'C:/Program Files/Unity/Hub/Editor/2020.3.5f1/Editor/Data/MonoBleedingEdge/lib/mono/unityjit'
Mono config path = 'C:/Program Files/Unity/Hub/Editor/2020.3.5f1/Editor/Data/MonoBleedingEdge/etc'
Using monoOptions --debugger-agent=transport=dt_socket,embedding=1,server=y,suspend=n,address=127.0.0.1:56912
Begin MonoManager ReloadAssembly
Registering precompiled unity dll's ...
Register platform support module: C:/Program Files/Unity/Hub/Editor/2020.3.5f1/Editor/Data/PlaybackEngines/WebGLSupport/UnityEditor.WebGL.Extensions.dll
Register platform support module: C:/Program Files/Unity/Hub/Editor/2020.3.5f1/Editor/Data/PlaybackEngines/MacStandaloneSupport/UnityEditor.OSXStandalone.Extensions.dll
Register platform support module: C:/Program Files/Unity/Hub/Editor/2020.3.5f1/Editor/Data/PlaybackEngines/WindowsStandaloneSupport/UnityEditor.WindowsStandalone.Extensions.dll
Register platform support module: C:/Program Files/Unity/Hub/Editor/2020.3.5f1/Editor/Data/PlaybackEngines/LinuxStandaloneSupport/UnityEditor.LinuxStandalone.Extensions.dll
Registered in 0.005678 seconds.
Native extension for LinuxStandalone target not found
Native extension for WindowsStandalone target not found
Native extension for OSXStandalone target not found
Native extension for WebGL target not found
Refreshing native plugins compatible for Editor in 118.56 ms, found 4 plugins.
Preloading 1 native plugins for Editor in 0.13 ms.
Mono: successfully reloaded assembly
- Completed reload, in  2.265 seconds
Platform modules already initialized, skipping
Registering precompiled user dll's ...
Registered in 0.005172 seconds.
Begin MonoManager ReloadAssembly
Native extension for LinuxStandalone target not found
Native extension for WindowsStandalone target not found
Native extension for OSXStandalone target not found
Native extension for WebGL target not found
Refreshing native plugins compatible for Editor in 76.21 ms, found 4 plugins.
Preloading 1 native plugins for Editor in 0.10 ms.
[XR] OculusXRPlugin: registering subsystems
[XR] Unable to register display lifecyle provider: [1]
[XR] Oculus Input lifecycle provider registered.
[XR] Unable to register input lifecyle provider: [1]
[XR] OVRP version 1.57.0
Mono: successfully reloaded assembly
- Completed reload, in  1.406 seconds
Platform modules already initialized, skipping
========================================================================
Worker process is ready to serve import requests
Shader 'Oculus/OVRMRCameraFrameLit': fallback shader 'Alpha-Diffuse' not found
Launched and connected shader compiler UnityShaderCompiler.exe after 0.05 seconds
Refreshing native plugins compatible for Editor in 0.78 ms, found 4 plugins.
Preloading 1 native plugins for Editor in 0.09 ms.
Unloading 2414 Unused Serialized files (Serialized files now loaded: 0)
System memory in use before: 113.1 MB.
System memory in use after: 113.3 MB.

Unloading 36 unused Assets to reduce memory usage. Loaded Objects now: 2846.
Total: 3.373400 ms (FindLiveObjects: 0.252000 ms CreateObjectMapping: 0.131800 ms MarkObjects: 2.880700 ms  DeleteObjects: 0.107300 ms)

========================================================================
Received Import Request.
  path: Assets/Materials/MicrosoftTeams-image (2).png
  artifactKey: Guid(d933848dbace41146b9259aefde70d78) Importer(815301076,1909f56bfc062723c751e8b465ee728b)
Start importing Assets/Materials/MicrosoftTeams-image (2).png using Guid(d933848dbace41146b9259aefde70d78) Importer(815301076,1909f56bfc062723c751e8b465ee728b)  -> (artifact id: 'cdd698a69559eac3f153305373272762') in 0.142802 seconds
  Import took 0.147774 seconds .

========================================================================
Received Import Request.
  Time since last request: 0.002350 seconds.
  path: Assets/Materials/MicrosoftTeams-image (2).png
  artifactKey: Guid(d933848dbace41146b9259aefde70d78) Importer(815301076,1909f56bfc062723c751e8b465ee728b)
Start importing Assets/Materials/MicrosoftTeams-image (2).png using Guid(d933848dbace41146b9259aefde70d78) Importer(815301076,1909f56bfc062723c751e8b465ee728b)  -> (artifact id: 'cdd698a69559eac3f153305373272762') in 0.013458 seconds
  Import took 0.019818 seconds .

========================================================================
Received Prepare
Registering precompiled user dll's ...
Registered in 0.004659 seconds.
Begin MonoManager ReloadAssembly
Native extension for LinuxStandalone target not found
Native extension for WindowsStandalone target not found
Native extension for OSXStandalone target not found
Native extension for WebGL target not found
Refreshing native plugins compatible for Editor in 0.76 ms, found 4 plugins.
Preloading 1 native plugins for Editor in 0.10 ms.
Mono: successfully reloaded assembly
- Completed reload, in  1.571 seconds
Platform modules already initialized, skipping
Shader 'Oculus/OVRMRCameraFrameLit': fallback shader 'Alpha-Diffuse' not found
Refreshing native plugins compatible for Editor in 0.86 ms, found 4 plugins.
Preloading 1 native plugins for Editor in 0.09 ms.
Unloading 2339 Unused Serialized files (Serialized files now loaded: 0)
System memory in use before: 107.2 MB.
System memory in use after: 107.4 MB.

Unloading 29 unused Assets to reduce memory usage. Loaded Objects now: 2852.
Total: 3.174000 ms (FindLiveObjects: 0.269700 ms CreateObjectMapping: 0.126600 ms MarkObjects: 2.696300 ms  DeleteObjects: 0.079600 ms)

========================================================================
Received Prepare
Registering precompiled user dll's ...
Registered in 0.004534 seconds.
Begin MonoManager ReloadAssembly
Native extension for LinuxStandalone target not found
Native extension for WindowsStandalone target not found
Native extension for OSXStandalone target not found
Native extension for WebGL target not found
Refreshing native plugins compatible for Editor in 1.02 ms, found 4 plugins.
Preloading 1 native plugins for Editor in 0.12 ms.
Mono: successfully reloaded assembly
- Completed reload, in  1.967 seconds
Platform modules already initialized, skipping
Shader 'Oculus/OVRMRCameraFrameLit': fallback shader 'Alpha-Diffuse' not found
Refreshing native plugins compatible for Editor in 0.83 ms, found 4 plugins.
Preloading 1 native plugins for Editor in 0.09 ms.
Unloading 2339 Unused Serialized files (Serialized files now loaded: 0)
System memory in use before: 107.2 MB.
System memory in use after: 107.4 MB.

Unloading 29 unused Assets to reduce memory usage. Loaded Objects now: 2856.
Total: 3.024700 ms (FindLiveObjects: 0.301000 ms CreateObjectMapping: 0.198400 ms MarkObjects: 2.444800 ms  DeleteObjects: 0.078900 ms)

========================================================================
Received Import Request.
  Time since last request: 3389.263521 seconds.
  path: Assets/Models/Trophy 1.obj
  artifactKey: Guid(c28f73e8b4faeb641a04718d46c4389a) Importer(815301076,1909f56bfc062723c751e8b465ee728b)
Start importing Assets/Models/Trophy 1.obj using Guid(c28f73e8b4faeb641a04718d46c4389a) Importer(815301076,1909f56bfc062723c751e8b465ee728b)  -> (artifact id: '4f5cb6ec7a72d1d38d3691442e0c08b8') in 0.226506 seconds
  Import took 0.233233 seconds .

========================================================================
Received Import Request.
  Time since last request: 386.577390 seconds.
  path: Assets/Models/TeachTable 1.obj
  artifactKey: Guid(1203cdaf4844cd2478b6bc4d2d0d2b60) Importer(815301076,1909f56bfc062723c751e8b465ee728b)
Start importing Assets/Models/TeachTable 1.obj using Guid(1203cdaf4844cd2478b6bc4d2d0d2b60) Importer(815301076,1909f56bfc062723c751e8b465ee728b)  -> (artifact id: '57829a07220130263fe1d7223da65b61') in 0.584069 seconds
  Import took 0.600946 seconds .

========================================================================
Received Import Request.
  Time since last request: 88.853882 seconds.
  path: Assets/Materials/Materials
  artifactKey: Guid(f7b39bb6c4eb9094986129a349f23223) Importer(815301076,1909f56bfc062723c751e8b465ee728b)
Start importing Assets/Materials/Materials using Guid(f7b39bb6c4eb9094986129a349f23223) Importer(815301076,1909f56bfc062723c751e8b465ee728b)  -> (artifact id: '3daa399955bea2deb918329f726f2faf') in 0.011810 seconds
  Import took 0.017994 seconds .

========================================================================
Received Import Request.
  Time since last request: 0.129925 seconds.
  path: Assets/Materials/Materials/MicrosoftTeams-image (2).mat
  artifactKey: Guid(5b24b3a72c8d1d946b896faacb9f91f3) Importer(815301076,1909f56bfc062723c751e8b465ee728b)
Start importing Assets/Materials/Materials/MicrosoftTeams-image (2).mat using Guid(5b24b3a72c8d1d946b896faacb9f91f3) Importer(815301076,1909f56bfc062723c751e8b465ee728b)  -> (artifact id: 'ef8d7d91aa21e4afe603b62f95c63d69') in 0.042804 seconds
  Import took 0.048704 seconds .

========================================================================
Received Prepare
Registering precompiled user dll's ...
Registered in 0.011205 seconds.
Begin MonoManager ReloadAssembly
Native extension for LinuxStandalone target not found
Native extension for WindowsStandalone target not found
Native extension for OSXStandalone target not found
Native extension for WebGL target not found
Refreshing native plugins compatible for Editor in 0.91 ms, found 4 plugins.
Preloading 1 native plugins for Editor in 0.22 ms.
Mono: successfully reloaded assembly
- Completed reload, in  1.475 seconds
Platform modules already initialized, skipping
Shader 'Oculus/OVRMRCameraFrameLit': fallback shader 'Alpha-Diffuse' not found
Refreshing native plugins compatible for Editor in 0.82 ms, found 4 plugins.
Preloading 1 native plugins for Editor in 0.09 ms.
Unloading 2339 Unused Serialized files (Serialized files now loaded: 0)
System memory in use before: 110.7 MB.
System memory in use after: 110.9 MB.

Unloading 29 unused Assets to reduce memory usage. Loaded Objects now: 2902.
Total: 3.187600 ms (FindLiveObjects: 0.264400 ms CreateObjectMapping: 0.123500 ms MarkObjects: 2.711400 ms  DeleteObjects: 0.085800 ms)

AssetImportWorkerClient::OnTransportError - code=2 error=End of file
